kotlin version: 2.2.10
error message: java.lang.RuntimeException: Exception while generating code for:
FUN name:startNewTransaction visibility:public modality:FINAL returnType:kotlin.Unit
  VALUE_PARAMETER kind:DispatchReceiver name:<this> index:0 type:com.example.pantryhub_assignment3_fy.ui.movement.StockInTransactionViewModel
  VALUE_PARAMETER kind:Regular name:mode index:1 type:com.example.pantryhub_assignment3_fy.ui.movement.TransactionMode
  BLOCK_BODY
    WHEN type=kotlin.Unit origin=IF
      BRANCH
        if: CALL 'public final fun ANDAND (arg0: kotlin.Boolean, arg1: kotlin.Boolean): kotlin.Boolean declared in kotlin.internal.ir' type=kotlin.Boolean origin=null
          ARG arg0: CALL 'public final fun EQEQ (arg0: kotlin.Any?, arg1: kotlin.Any?): kotlin.Boolean declared in kotlin.internal.ir' type=kotlin.Boolean origin=EQEQ
            ARG arg0: CALL 'public final fun get <T> (key: kotlin.String): T of androidx.lifecycle.SavedStateHandle.get? [operator] declared in androidx.lifecycle.SavedStateHandle' type=kotlin.Boolean? origin=null
              TYPE_ARG T: kotlin.Boolean
              ARG <this>: GET_FIELD 'FIELD PROPERTY_BACKING_FIELD name:savedStateHandle type:androidx.lifecycle.SavedStateHandle visibility:private [final]' type=androidx.lifecycle.SavedStateHandle origin=null
                receiver: GET_VAR '<this>: com.example.pantryhub_assignment3_fy.ui.movement.StockInTransactionViewModel declared in com.example.pantryhub_assignment3_fy.ui.movement.StockInTransactionViewModel.startNewTransaction' type=com.example.pantryhub_assignment3_fy.ui.movement.StockInTransactionViewModel origin=IMPLICIT_ARGUMENT
              ARG key: CONST String type=kotlin.String value="stock_in_form_started"
            ARG arg1: CONST Boolean type=kotlin.Boolean value=true
          ARG arg1: CALL 'public final fun EQEQ (arg0: kotlin.Any?, arg1: kotlin.Any?): kotlin.Boolean declared in kotlin.internal.ir' type=kotlin.Boolean origin=EQEQ
            ARG arg0: BLOCK type=com.example.pantryhub_assignment3_fy.ui.movement.TransactionMode? origin=FOLDED_SAFE_CALL
              WHEN type=com.example.pantryhub_assignment3_fy.ui.movement.TransactionMode? origin=FOLDED_SAFE_CALL
                BRANCH
                  if: COMPOSITE type=kotlin.Boolean origin=null
                    VAR IR_TEMPORARY_VARIABLE name:tmp0_safe_receiver type:@[EnhancedNullability] @[Nullable] com.example.pantryhub_assignment3_fy.ui.movement.StockInTransactionUiState? [val]
                      CALL 'public open fun getValue (): @[Nullable] @[EnhancedNullability] T of androidx.lifecycle.MutableLiveData? [fake_override] declared in androidx.lifecycle.MutableLiveData' type=@[EnhancedNullability] @[Nullable] com.example.pantryhub_assignment3_fy.ui.movement.StockInTransactionUiState? origin=GET_PROPERTY
                        ARG <this>: GET_FIELD 'FIELD PROPERTY_BACKING_FIELD name:_uiState type:androidx.lifecycle.MutableLiveData<@[FlexibleNullability] com.example.pantryhub_assignment3_fy.ui.movement.StockInTransactionUiState?> visibility:private [final]' type=androidx.lifecycle.MutableLiveData<@[FlexibleNullability] com.example.pantryhub_assignment3_fy.ui.movement.StockInTransactionUiState?> origin=null
                          receiver: GET_VAR '<this>: com.example.pantryhub_assignment3_fy.ui.movement.StockInTransactionViewModel declared in com.example.pantryhub_assignment3_fy.ui.movement.StockInTransactionViewModel.startNewTransaction' type=com.example.pantryhub_assignment3_fy.ui.movement.StockInTransactionViewModel origin=IMPLICIT_ARGUMENT
                    CALL 'public final fun not (): kotlin.Boolean [operator] declared in kotlin.Boolean' type=kotlin.Boolean origin=null
                      ARG <this>: CALL 'public final fun EQEQ (arg0: kotlin.Any?, arg1: kotlin.Any?): kotlin.Boolean declared in kotlin.internal.ir' type=kotlin.Boolean origin=null
                        ARG arg0: GET_VAR 'val tmp0_safe_receiver: @[EnhancedNullability] @[Nullable] com.example.pantryhub_assignment3_fy.ui.movement.StockInTransactionUiState? [val] declared in com.example.pantryhub_assignment3_fy.ui.movement.StockInTransactionViewModel.startNewTransaction' type=@[EnhancedNullability] @[Nullable] com.example.pantryhub_assignment3_fy.ui.movement.StockInTransactionUiState? origin=null
                        ARG arg1: CONST Null type=kotlin.Nothing? value=null
                  then: CALL 'public final fun <get-mode> (): com.example.pantryhub_assignment3_fy.ui.movement.TransactionMode declared in com.example.pantryhub_assignment3_fy.ui.movement.StockInTransactionUiState' type=com.example.pantryhub_assignment3_fy.ui.movement.TransactionMode origin=GET_PROPERTY
                    ARG <this>: GET_VAR 'val tmp0_safe_receiver: @[EnhancedNullability] @[Nullable] com.example.pantryhub_assignment3_fy.ui.movement.StockInTransactionUiState? [val] declared in com.example.pantryhub_assignment3_fy.ui.movement.StockInTransactionViewModel.startNewTransaction' type=@[EnhancedNullability] @[Nullable] com.example.pantryhub_assignment3_fy.ui.movement.StockInTransactionUiState? origin=null
                BRANCH
                  if: CONST Boolean type=kotlin.Boolean value=true
                  then: CONST Null type=kotlin.Nothing? value=null
            ARG arg1: GET_VAR 'mode: com.example.pantryhub_assignment3_fy.ui.movement.TransactionMode declared in com.example.pantryhub_assignment3_fy.ui.movement.StockInTransactionViewModel.startNewTransaction' type=com.example.pantryhub_assignment3_fy.ui.movement.TransactionMode origin=null
        then: RETURN type=kotlin.Nothing from='public final fun startNewTransaction (mode: com.example.pantryhub_assignment3_fy.ui.movement.TransactionMode): kotlin.Unit declared in com.example.pantryhub_assignment3_fy.ui.movement.StockInTransactionViewModel'
          GET_FIELD 'FIELD FIELD_FOR_OBJECT_INSTANCE name:INSTANCE type:kotlin.Unit visibility:public [final,static] declared in kotlin.Unit' type=kotlin.Unit origin=null
    CALL 'public final fun set <T> (key: kotlin.String, value: T of androidx.lifecycle.SavedStateHandle.set?): kotlin.Unit [operator] declared in androidx.lifecycle.SavedStateHandle' type=kotlin.Unit origin=EQ
      TYPE_ARG T: kotlin.Boolean
      ARG <this>: GET_FIELD 'FIELD PROPERTY_BACKING_FIELD name:savedStateHandle type:androidx.lifecycle.SavedStateHandle visibility:private [final]' type=androidx.lifecycle.SavedStateHandle origin=null
        receiver: GET_VAR '<this>: com.example.pantryhub_assignment3_fy.ui.movement.StockInTransactionViewModel declared in com.example.pantryhub_assignment3_fy.ui.movement.StockInTransactionViewModel.startNewTransaction' type=com.example.pantryhub_assignment3_fy.ui.movement.StockInTransactionViewModel origin=IMPLICIT_ARGUMENT
      ARG key: CONST String type=kotlin.String value="stock_in_form_started"
      ARG value: CONST Boolean type=kotlin.Boolean value=true
    CALL 'public final fun set <T> (key: kotlin.String, value: T of androidx.lifecycle.SavedStateHandle.set?): kotlin.Unit [operator] declared in androidx.lifecycle.SavedStateHandle' type=kotlin.Unit origin=EQ
      TYPE_ARG T: kotlin.String
      ARG <this>: GET_FIELD 'FIELD PROPERTY_BACKING_FIELD name:savedStateHandle type:androidx.lifecycle.SavedStateHandle visibility:private [final]' type=androidx.lifecycle.SavedStateHandle origin=null
        receiver: GET_VAR '<this>: com.example.pantryhub_assignment3_fy.ui.movement.StockInTransactionViewModel declared in com.example.pantryhub_assignment3_fy.ui.movement.StockInTransactionViewModel.startNewTransaction' type=com.example.pantryhub_assignment3_fy.ui.movement.StockInTransactionViewModel origin=IMPLICIT_ARGUMENT
      ARG key: CONST String type=kotlin.String value="stock_transaction_mode"
      ARG value: CALL 'public final fun <get-name> (): kotlin.String [fake_override] declared in com.example.pantryhub_assignment3_fy.ui.movement.TransactionMode' type=kotlin.String origin=GET_PROPERTY
        ARG <this>: GET_VAR 'mode: com.example.pantryhub_assignment3_fy.ui.movement.TransactionMode declared in com.example.pantryhub_assignment3_fy.ui.movement.StockInTransactionViewModel.startNewTransaction' type=com.example.pantryhub_assignment3_fy.ui.movement.TransactionMode origin=null
    VAR name:transactionAt type:kotlin.Long [val]
      CALL 'public open fun currentTimeMillis (): kotlin.Long declared in java.lang.System' type=kotlin.Long origin=null
    CALL 'public final fun set <T> (key: kotlin.String, value: T of androidx.lifecycle.SavedStateHandle.set?): kotlin.Unit [operator] declared in androidx.lifecycle.SavedStateHandle' type=kotlin.Unit origin=EQ
      TYPE_ARG T: kotlin.Long
      ARG <this>: GET_FIELD 'FIELD PROPERTY_BACKING_FIELD name:savedStateHandle type:androidx.lifecycle.SavedStateHandle visibility:private [final]' type=androidx.lifecycle.SavedStateHandle origin=null
        receiver: GET_VAR '<this>: com.example.pantryhub_assignment3_fy.ui.movement.StockInTransactionViewModel declared in com.example.pantryhub_assignment3_fy.ui.movement.StockInTransactionViewModel.startNewTransaction' type=com.example.pantryhub_assignment3_fy.ui.movement.StockInTransactionViewModel origin=IMPLICIT_ARGUMENT
      ARG key: CONST String type=kotlin.String value="stock_in_transaction_at"
      ARG value: GET_VAR 'val transactionAt: kotlin.Long [val] declared in com.example.pantryhub_assignment3_fy.ui.movement.StockInTransactionViewModel.startNewTransaction' type=kotlin.Long origin=null
    CALL 'public final fun update <T> (<this>: androidx.lifecycle.MutableLiveData<T of com.example.pantryhub_assignment3_fy.util.LiveDataExtensionsKt.update>, transform: kotlin.Function1<T of com.example.pantryhub_assignment3_fy.util.LiveDataExtensionsKt.update, T of com.example.pantryhub_assignment3_fy.util.LiveDataExtensionsKt.update>): kotlin.Unit [inline] declared in com.example.pantryhub_assignment3_fy.util.LiveDataExtensionsKt' type=kotlin.Unit origin=null
      TYPE_ARG T: @[FlexibleNullability] com.example.pantryhub_assignment3_fy.ui.movement.StockInTransactionUiState?
      ARG <this>: GET_FIELD 'FIELD PROPERTY_BACKING_FIELD name:_uiState type:androidx.lifecycle.MutableLiveData<@[FlexibleNullability] com.example.pantryhub_assignment3_fy.ui.movement.StockInTransactionUiState?> visibility:private [final]' type=androidx.lifecycle.MutableLiveData<@[FlexibleNullability] com.example.pantryhub_assignment3_fy.ui.movement.StockInTransactionUiState?> origin=null
        receiver: GET_VAR '<this>: com.example.pantryhub_assignment3_fy.ui.movement.StockInTransactionViewModel declared in com.example.pantryhub_assignment3_fy.ui.movement.StockInTransactionViewModel.startNewTransaction' type=com.example.pantryhub_assignment3_fy.ui.movement.StockInTransactionViewModel origin=IMPLICIT_ARGUMENT
      ARG transform: BLOCK type=kotlin.Function1<@[FlexibleNullability] com.example.pantryhub_assignment3_fy.ui.movement.StockInTransactionUiState?, @[FlexibleNullability] com.example.pantryhub_assignment3_fy.ui.movement.StockInTransactionUiState?> origin=LAMBDA
        COMPOSITE type=kotlin.Unit origin=null
        FUNCTION_REFERENCE 'private final fun startNewTransaction$lambda$2 ($mode: com.example.pantryhub_assignment3_fy.ui.movement.TransactionMode, $transactionAt: kotlin.Long, it: @[FlexibleNullability] com.example.pantryhub_assignment3_fy.ui.movement.StockInTransactionUiState?): @[FlexibleNullability] com.example.pantryhub_assignment3_fy.ui.movement.StockInTransactionUiState? declared in com.example.pantryhub_assignment3_fy.ui.movement.StockInTransactionViewModel' type=kotlin.Function1<@[FlexibleNullability] com.example.pantryhub_assignment3_fy.ui.movement.StockInTransactionUiState?, @[FlexibleNullability] com.example.pantryhub_assignment3_fy.ui.movement.StockInTransactionUiState?> origin=INLINE_LAMBDA reflectionTarget=null
          ARG $mode: GET_VAR 'mode: com.example.pantryhub_assignment3_fy.ui.movement.TransactionMode declared in com.example.pantryhub_assignment3_fy.ui.movement.StockInTransactionViewModel.startNewTransaction' type=com.example.pantryhub_assignment3_fy.ui.movement.TransactionMode origin=null
          ARG $transactionAt: GET_VAR 'val transactionAt: kotlin.Long [val] declared in com.example.pantryhub_assignment3_fy.ui.movement.StockInTransactionViewModel.startNewTransaction' type=kotlin.Long origin=null

	at org.jetbrains.kotlin.backend.jvm.codegen.FunctionCodegen.generate(FunctionCodegen.kt:50)
	at org.jetbrains.kotlin.backend.jvm.codegen.FunctionCodegen.generate$default(FunctionCodegen.kt:43)
	at org.jetbrains.kotlin.backend.jvm.codegen.ClassCodegen.generateMethodNode(ClassCodegen.kt:422)
	at org.jetbrains.kotlin.backend.jvm.codegen.ClassCodegen.generateMethod(ClassCodegen.kt:439)
	at org.jetbrains.kotlin.backend.jvm.codegen.ClassCodegen.generate(ClassCodegen.kt:164)
	at org.jetbrains.kotlin.backend.jvm.JvmIrCodegenFactory.generateFile(JvmIrCodegenFactory.kt:419)
	at org.jetbrains.kotlin.backend.jvm.JvmIrCodegenFactory.invokeCodegen(JvmIrCodegenFactory.kt:388)
	at org.jetbrains.kotlin.cli.jvm.compiler.KotlinToJVMBytecodeCompiler.runCodegen$cli(KotlinToJVMBytecodeCompiler.kt:431)
	at org.jetbrains.kotlin.cli.pipeline.jvm.JvmBackendPipelinePhase.executePhase(JvmBackendPipelinePhase.kt:95)
	at org.jetbrains.kotlin.cli.pipeline.jvm.JvmBackendPipelinePhase.executePhase(JvmBackendPipelinePhase.kt:36)
	at org.jetbrains.kotlin.cli.pipeline.jvm.JvmBackendPipelinePhase.executePhase(JvmBackendPipelinePhase.kt:29)
	at org.jetbrains.kotlin.cli.pipeline.PipelinePhase.phaseBody(PipelinePhase.kt:68)
	at org.jetbrains.kotlin.cli.pipeline.PipelinePhase.phaseBody(PipelinePhase.kt:58)
	at org.jetbrains.kotlin.config.phaser.NamedCompilerPhase.invoke(CompilerPhase.kt:102)
	at org.jetbrains.kotlin.backend.common.phaser.CompositePhase.invoke(PhaseBuilders.kt:22)
	at org.jetbrains.kotlin.config.phaser.CompilerPhaseKt.invokeToplevel(CompilerPhase.kt:53)
	at org.jetbrains.kotlin.cli.pipeline.AbstractCliPipeline.runPhasedPipeline(AbstractCliPipeline.kt:109)
	at org.jetbrains.kotlin.cli.pipeline.AbstractCliPipeline.execute(AbstractCliPipeline.kt:68)
	at org.jetbrains.kotlin.cli.jvm.K2JVMCompiler.doExecutePhased(K2JVMCompiler.kt:78)
	at org.jetbrains.kotlin.cli.jvm.K2JVMCompiler.doExecutePhased(K2JVMCompiler.kt:44)
	at org.jetbrains.kotlin.cli.common.CLICompiler.execImpl(CLICompiler.kt:90)
	at org.jetbrains.kotlin.cli.common.CLICompiler.exec(CLICompiler.kt:352)
	at org.jetbrains.kotlin.incremental.IncrementalJvmCompilerRunnerBase.runCompiler(IncrementalJvmCompilerRunnerBase.kt:175)
	at org.jetbrains.kotlin.incremental.IncrementalJvmCompilerRunnerBase.runCompiler(IncrementalJvmCompilerRunnerBase.kt:38)
	at org.jetbrains.kotlin.incremental.IncrementalCompilerRunner.doCompile(IncrementalCompilerRunner.kt:504)
	at org.jetbrains.kotlin.incremental.IncrementalCompilerRunner.compileImpl(IncrementalCompilerRunner.kt:421)
	at org.jetbrains.kotlin.incremental.IncrementalCompilerRunner.tryCompileIncrementally$lambda$10$compile(IncrementalCompilerRunner.kt:254)
	at org.jetbrains.kotlin.incremental.IncrementalCompilerRunner.tryCompileIncrementally(IncrementalCompilerRunner.kt:272)
	at org.jetbrains.kotlin.incremental.IncrementalCompilerRunner.compile(IncrementalCompilerRunner.kt:124)
	at org.jetbrains.kotlin.daemon.CompileServiceImplBase.execIncrementalCompiler(CompileServiceImpl.kt:679)
	at org.jetbrains.kotlin.daemon.CompileServiceImplBase.access$execIncrementalCompiler(CompileServiceImpl.kt:93)
	at org.jetbrains.kotlin.daemon.CompileServiceImpl.compile(CompileServiceImpl.kt:1806)
	at java.base/jdk.internal.reflect.DirectMethodHandleAccessor.invoke(DirectMethodHandleAccessor.java:103)
	at java.base/java.lang.reflect.Method.invoke(Method.java:580)
	at java.rmi/sun.rmi.server.UnicastServerRef.dispatch(UnicastServerRef.java:360)
	at java.rmi/sun.rmi.transport.Transport$1.run(Transport.java:200)
	at java.rmi/sun.rmi.transport.Transport$1.run(Transport.java:197)
	at java.base/java.security.AccessController.doPrivileged(AccessController.java:714)
	at java.rmi/sun.rmi.transport.Transport.serviceCall(Transport.java:196)
	at java.rmi/sun.rmi.transport.tcp.TCPTransport.handleMessages(TCPTransport.java:598)
	at java.rmi/sun.rmi.transport.tcp.TCPTransport$ConnectionHandler.run0(TCPTransport.java:844)
	at java.rmi/sun.rmi.transport.tcp.TCPTransport$ConnectionHandler.lambda$run$0(TCPTransport.java:721)
	at java.base/java.security.AccessController.doPrivileged(AccessController.java:400)
	at java.rmi/sun.rmi.transport.tcp.TCPTransport$ConnectionHandler.run(TCPTransport.java:720)
	at java.base/java.util.concurrent.ThreadPoolExecutor.runWorker(ThreadPoolExecutor.java:1144)
	at java.base/java.util.concurrent.ThreadPoolExecutor$Worker.run(ThreadPoolExecutor.java:642)
	at java.base/java.lang.Thread.run(Thread.java:1583)
Caused by: org.jetbrains.kotlin.codegen.CompilationException: Back-end (JVM) Internal error: Couldn't inline method call: CALL 'public final fun update <T> (<this>: androidx.lifecycle.MutableLiveData<T of com.example.pantryhub_assignment3_fy.util.LiveDataExtensionsKt.update>, transform: kotlin.Function1<T of com.example.pantryhub_assignment3_fy.util.LiveDataExtensionsKt.update, T of com.example.pantryhub_assignment3_fy.util.LiveDataExtensionsKt.update>): kotlin.Unit [inline] declared in com.example.pantryhub_assignment3_fy.util.LiveDataExtensionsKt' type=kotlin.Unit origin=null
Method: null
File is unknown
The root cause java.io.FileNotFoundException was thrown at: java.base/java.io.FileInputStream.open0(Native Method)
	at org.jetbrains.kotlin.backend.jvm.codegen.IrInlineCodegen.genInlineCall(IrInlineCodegen.kt:82)
	at org.jetbrains.kotlin.backend.jvm.codegen.IrInlineCallGenerator.genCall(IrInlineCallGenerator.kt:36)
	at org.jetbrains.kotlin.backend.jvm.codegen.ExpressionCodegen.visitCall(ExpressionCodegen.kt:586)
	at org.jetbrains.kotlin.backend.jvm.codegen.ExpressionCodegen.visitCall(ExpressionCodegen.kt:135)
	at org.jetbrains.kotlin.ir.expressions.IrCall.accept(IrCall.kt:24)
	at org.jetbrains.kotlin.backend.jvm.codegen.ExpressionCodegen.visitStatementContainer(ExpressionCodegen.kt:527)
	at org.jetbrains.kotlin.backend.jvm.codegen.ExpressionCodegen.visitBlockBody(ExpressionCodegen.kt:532)
	at org.jetbrains.kotlin.backend.jvm.codegen.ExpressionCodegen.visitBlockBody(ExpressionCodegen.kt:135)
	at org.jetbrains.kotlin.ir.expressions.IrBlockBody.accept(IrBlockBody.kt:20)
	at org.jetbrains.kotlin.backend.jvm.codegen.ExpressionCodegen.generate(ExpressionCodegen.kt:233)
	at org.jetbrains.kotlin.backend.jvm.codegen.FunctionCodegen.doGenerate(FunctionCodegen.kt:126)
	at org.jetbrains.kotlin.backend.jvm.codegen.FunctionCodegen.generate(FunctionCodegen.kt:47)
	... 46 more
Caused by: java.io.FileNotFoundException: /Users/feliciayong/AndroidStudioProjects/PantryHubAssignment3FY-final/app/build/intermediates/built_in_kotlinc/debug/compileDebugKotlin/classes/com/example/pantryhub_assignment3_fy/util/LiveDataExtensionsKt.class (No such file or directory)
	at java.base/java.io.FileInputStream.open0(Native Method)
	at java.base/java.io.FileInputStream.open(FileInputStream.java:213)
	at java.base/java.io.FileInputStream.<init>(FileInputStream.java:152)
	at org.jetbrains.kotlin.com.intellij.openapi.util.io.FileUtil.loadFileBytes(FileUtil.java:187)
	at org.jetbrains.kotlin.cli.common.localfs.KotlinLocalVirtualFile.contentsToByteArray(KotlinLocalVirtualFile.kt:108)
	at org.jetbrains.kotlin.codegen.inline.SourceCompilerForInlineKt.loadCompiledInlineFunction$lambda$2$lambda$1(SourceCompilerForInline.kt:95)
	at org.jetbrains.kotlin.codegen.inline.InlineCache.computeClassBytes(InlineCache.kt:82)
	at org.jetbrains.kotlin.codegen.inline.SourceCompilerForInlineKt.loadCompiledInlineFunction$lambda$2(SourceCompilerForInline.kt:94)
	at org.jetbrains.kotlin.codegen.inline.InlineCache.computeMethodBytes(InlineCache.kt:90)
	at org.jetbrains.kotlin.codegen.inline.SourceCompilerForInlineKt.loadCompiledInlineFunction(SourceCompilerForInline.kt:93)
	at org.jetbrains.kotlin.backend.jvm.codegen.IrSourceCompilerForInline.compileInlineFunction(IrSourceCompilerForInline.kt:96)
	at org.jetbrains.kotlin.backend.jvm.codegen.IrInlineCodegen.genInlineCall(IrInlineCodegen.kt:65)
	... 57 more


error message: Daemon compilation failed: null
java.lang.Exception
	at org.jetbrains.kotlin.daemon.common.CompileService$CallResult$Error.get(CompileService.kt:69)
	at org.jetbrains.kotlin.daemon.common.CompileService$CallResult$Error.get(CompileService.kt:65)
	at org.jetbrains.kotlin.compilerRunner.GradleKotlinCompilerWork.compileWithDaemon(GradleKotlinCompilerWork.kt:240)
	at org.jetbrains.kotlin.compilerRunner.GradleKotlinCompilerWork.compileWithDaemonOrFallbackImpl(GradleKotlinCompilerWork.kt:159)
	at org.jetbrains.kotlin.compilerRunner.GradleKotlinCompilerWork.run(GradleKotlinCompilerWork.kt:111)
	at org.jetbrains.kotlin.compilerRunner.GradleCompilerRunnerWithWorkers$GradleKotlinCompilerWorkAction.execute(GradleCompilerRunnerWithWorkers.kt:74)
	at org.gradle.workers.internal.DefaultWorkerServer.execute(DefaultWorkerServer.java:68)
	at org.gradle.workers.internal.NoIsolationWorkerFactory$1$1.create(NoIsolationWorkerFactory.java:64)
	at org.gradle.workers.internal.NoIsolationWorkerFactory$1$1.create(NoIsolationWorkerFactory.java:61)
	at org.gradle.internal.classloader.ClassLoaderUtils.executeInClassloader(ClassLoaderUtils.java:102)
	at org.gradle.workers.internal.NoIsolationWorkerFactory$1.lambda$execute$0(NoIsolationWorkerFactory.java:61)
	at org.gradle.workers.internal.AbstractWorker$1.call(AbstractWorker.java:44)
	at org.gradle.workers.internal.AbstractWorker$1.call(AbstractWorker.java:41)
	at org.gradle.internal.operations.DefaultBuildOperationRunner$CallableBuildOperationWorker.execute(DefaultBuildOperationRunner.java:210)
	at org.gradle.internal.operations.DefaultBuildOperationRunner$CallableBuildOperationWorker.execute(DefaultBuildOperationRunner.java:205)
	at org.gradle.internal.operations.DefaultBuildOperationRunner$2.execute(DefaultBuildOperationRunner.java:67)
	at org.gradle.internal.operations.DefaultBuildOperationRunner$2.execute(DefaultBuildOperationRunner.java:60)
	at org.gradle.internal.operations.DefaultBuildOperationRunner.execute(DefaultBuildOperationRunner.java:167)
	at org.gradle.internal.operations.DefaultBuildOperationRunner.execute(DefaultBuildOperationRunner.java:60)
	at org.gradle.internal.operations.DefaultBuildOperationRunner.call(DefaultBuildOperationRunner.java:54)
	at org.gradle.workers.internal.AbstractWorker.executeWrappedInBuildOperation(AbstractWorker.java:41)
	at org.gradle.workers.internal.NoIsolationWorkerFactory$1.execute(NoIsolationWorkerFactory.java:58)
	at org.gradle.workers.internal.DefaultWorkerExecutor.lambda$submitWork$0(DefaultWorkerExecutor.java:176)
	at java.base/java.util.concurrent.FutureTask.run(FutureTask.java:317)
	at org.gradle.internal.work.DefaultConditionalExecutionQueue$ExecutionRunner.runExecution(DefaultConditionalExecutionQueue.java:194)
	at org.gradle.internal.work.DefaultConditionalExecutionQueue$ExecutionRunner.access$700(DefaultConditionalExecutionQueue.java:127)
	at org.gradle.internal.work.DefaultConditionalExecutionQueue$ExecutionRunner$1.run(DefaultConditionalExecutionQueue.java:169)
	at org.gradle.internal.Factories$1.create(Factories.java:30)
	at org.gradle.internal.work.DefaultWorkerLeaseService.lambda$withLocksAcquired$0(DefaultWorkerLeaseService.java:275)
	at org.gradle.internal.work.ResourceLockStatistics$1.measure(ResourceLockStatistics.java:43)
	at org.gradle.internal.work.DefaultWorkerLeaseService.withLocksAcquired(DefaultWorkerLeaseService.java:273)
	at org.gradle.internal.work.DefaultWorkerLeaseService.withLocks(DefaultWorkerLeaseService.java:265)
	at org.gradle.internal.work.DefaultWorkerLeaseService.runAsWorkerThread(DefaultWorkerLeaseService.java:128)
	at org.gradle.internal.work.DefaultWorkerLeaseService.runAsWorkerThread(DefaultWorkerLeaseService.java:133)
	at org.gradle.internal.work.DefaultConditionalExecutionQueue$ExecutionRunner.runBatch(DefaultConditionalExecutionQueue.java:164)
	at org.gradle.internal.work.DefaultConditionalExecutionQueue$ExecutionRunner.run(DefaultConditionalExecutionQueue.java:133)
	at java.base/java.util.concurrent.Executors$RunnableAdapter.call(Executors.java:572)
	at java.base/java.util.concurrent.FutureTask.run(FutureTask.java:317)
	at org.gradle.internal.concurrent.ExecutorPolicy$CatchAndRecordFailures.onExecute(ExecutorPolicy.java:64)
	at org.gradle.internal.concurrent.AbstractManagedExecutor$1.run(AbstractManagedExecutor.java:47)
	at java.base/java.util.concurrent.ThreadPoolExecutor.runWorker(ThreadPoolExecutor.java:1144)
	at java.base/java.util.concurrent.ThreadPoolExecutor$Worker.run(ThreadPoolExecutor.java:642)
	at java.base/java.lang.Thread.run(Thread.java:1583)
Caused by: java.nio.file.NoSuchFileException: /var/folders/68/6nfn8px56jg84nk1jws9pqwc0000gn/T/kotlin-backups10801050066753968355/87.backup -> /Users/feliciayong/AndroidStudioProjects/PantryHubAssignment3FY-final/app/build/intermediates/built_in_kotlinc/debug/compileDebugKotlin/classes/com/example/pantryhub_assignment3_fy/ui/movement/StockInTransactionViewModel$observeBranches$1.class
	at java.base/sun.nio.fs.UnixException.translateToIOException(UnixException.java:92)
	at java.base/sun.nio.fs.UnixException.rethrowAsIOException(UnixException.java:106)
	at java.base/sun.nio.fs.UnixFileSystem.move(UnixFileSystem.java:939)
	at java.base/sun.nio.fs.UnixFileSystemProvider.move(UnixFileSystemProvider.java:309)
	at java.base/java.nio.file.Files.move(Files.java:1431)
	at org.jetbrains.kotlin.incremental.RecoverableCompilationTransaction.revertChanges(CompilationTransaction.kt:231)
	at org.jetbrains.kotlin.incremental.RecoverableCompilationTransaction.close(CompilationTransaction.kt:256)
	at org.jetbrains.kotlin.incremental.IncrementalCompilerRunner.tryCompileIncrementally(IncrementalCompilerRunner.kt:740)
	at org.jetbrains.kotlin.incremental.IncrementalCompilerRunner.compile(IncrementalCompilerRunner.kt:124)
	at org.jetbrains.kotlin.daemon.CompileServiceImplBase.execIncrementalCompiler(CompileServiceImpl.kt:679)
	at org.jetbrains.kotlin.daemon.CompileServiceImplBase.access$execIncrementalCompiler(CompileServiceImpl.kt:93)
	at org.jetbrains.kotlin.daemon.CompileServiceImpl.compile(CompileServiceImpl.kt:1806)
	at java.base/jdk.internal.reflect.DirectMethodHandleAccessor.invoke(DirectMethodHandleAccessor.java:103)
	at java.base/java.lang.reflect.Method.invoke(Method.java:580)
	at java.rmi/sun.rmi.server.UnicastServerRef.dispatch(UnicastServerRef.java:360)
	at java.rmi/sun.rmi.transport.Transport$1.run(Transport.java:200)
	at java.rmi/sun.rmi.transport.Transport$1.run(Transport.java:197)
	at java.base/java.security.AccessController.doPrivileged(AccessController.java:714)
	at java.rmi/sun.rmi.transport.Transport.serviceCall(Transport.java:196)
	at java.rmi/sun.rmi.transport.tcp.TCPTransport.handleMessages(TCPTransport.java:598)
	at java.rmi/sun.rmi.transport.tcp.TCPTransport$ConnectionHandler.run0(TCPTransport.java:844)
	at java.rmi/sun.rmi.transport.tcp.TCPTransport$ConnectionHandler.lambda$run$0(TCPTransport.java:721)
	at java.base/java.security.AccessController.doPrivileged(AccessController.java:400)
	at java.rmi/sun.rmi.transport.tcp.TCPTransport$ConnectionHandler.run(TCPTransport.java:720)
	... 3 more


